<?xml version="1.0" encoding="UTF-8"?>
<!-- Generated by org.testng.reporters.JUnitXMLReporter -->
<testsuite hostname="DESKTOP-AFEDHUD" ignored="4" name="Default test(failed)" tests="1" failures="1" timestamp="10 Apr 2021 04:56:37 GMT" time="0.071" errors="0">
  <testcase name="tc23" time="0.026" classname="org.dataprovider.RunTestng">
    <failure type="java.lang.AssertionError" message="expected [true] but found [false]">
      <![CDATA[java.lang.AssertionError: expected [true] but found [false]
at org.dataprovider.RunTestng.tc23(RunTestng.java:22)
... Removed 29 stack frames]]>
    </failure>
  </testcase> <!-- tc23 -->
  <testcase name="tc24" time="0.0" classname="org.dataprovider.RunTestng">
    <ignored/>
  </testcase> <!-- tc24 -->
  <testcase name="tc22" time="0.0" classname="org.dataprovider.RunTestng">
    <ignored/>
  </testcase> <!-- tc22 -->
  <testcase name="tc20" time="0.0" classname="org.dataprovider.RunTestng">
    <ignored/>
  </testcase> <!-- tc20 -->
  <testcase name="tc21" time="0.0" classname="org.dataprovider.RunTestng">
    <ignored/>
  </testcase> <!-- tc21 -->
</testsuite> <!-- Default test(failed) -->
